2024-11-18 14:48:16 - INFO - Starting ETL process
2024-11-18 14:48:17 - INFO - Connected successfully to the RDS 'database-pragma.chowsgwustl6.us-east-1.rds.amazonaws.com'
2024-11-18 14:48:17 - INFO - Creating table 'pragma_sales'...
2024-11-18 14:48:17 - DEBUG - Executing SQL statement 'DROP TABLE IF EXISTS pragma_sales'...
2024-11-18 14:48:17 - DEBUG - SQL statement executed successfully
2024-11-18 14:48:17 - DEBUG - Executing SQL statement 'CREATE TABLE IF NOT EXISTS pragma_sales ( pk INT NOT NULL AUTO_INCREMENT PRIMARY KEY, timestamp DATETIME DEFAULT NULL, day INT DEFAULT NULL, month INT DEFAULT NULL, year INT DEFAULT NULL, price FLOAT '...
2024-11-18 14:48:17 - DEBUG - SQL statement executed successfully
2024-11-18 14:48:17 - INFO - Processing file './data/2012-1.csv'...
2024-11-18 14:48:17 - DEBUG - Processing microbatch 1...
2024-11-18 14:48:17 - DEBUG - Executing SQL statement 'INSERT INTO pragma_sales(timestamp, day, month, year, price, user_id, processed_date) VALUES (2012-01-10 00:00:00, 10, 1, 2012, 50, 9, 2024-11-18 14:48:17.503339)'...
2024-11-18 14:48:17 - DEBUG - SQL statement executed successfully
2024-11-18 14:48:17 - DEBUG - Executing SQL statement 'INSERT INTO pragma_sales(timestamp, day, month, year, price, user_id, processed_date) VALUES (2012-01-11 00:00:00, 11, 1, 2012, 87, 10, 2024-11-18 14:48:17.503339)'...
2024-11-18 14:48:17 - DEBUG - SQL statement executed successfully
2024-11-18 14:48:17 - DEBUG - Executing SQL statement 'INSERT INTO pragma_sales(timestamp, day, month, year, price, user_id, processed_date) VALUES (2012-01-12 00:00:00, 12, 1, 2012, 64, 7, 2024-11-18 14:48:17.503339)'...
2024-11-18 14:48:18 - DEBUG - SQL statement executed successfully
2024-11-18 14:48:18 - DEBUG - Executing SQL statement 'INSERT INTO pragma_sales(timestamp, day, month, year, price, user_id, processed_date) VALUES (2012-01-13 00:00:00, 13, 1, 2012, 20, 10, 2024-11-18 14:48:17.503339)'...
2024-11-18 14:48:18 - DEBUG - SQL statement executed successfully
2024-11-18 14:48:18 - DEBUG - Executing SQL statement 'INSERT INTO pragma_sales(timestamp, day, month, year, price, user_id, processed_date) VALUES (2012-01-14 00:00:00, 14, 1, 2012, 14, 10, 2024-11-18 14:48:17.503339)'...
2024-11-18 14:48:18 - DEBUG - SQL statement executed successfully
2024-11-18 14:48:18 - DEBUG - Microbatch 1 processed successfully
2024-11-18 14:48:18 - DEBUG - Processing microbatch 2...
2024-11-18 14:48:18 - DEBUG - Executing SQL statement 'INSERT INTO pragma_sales(timestamp, day, month, year, price, user_id, processed_date) VALUES (2012-01-15 00:00:00, 15, 1, 2012, 95, 8, 2024-11-18 14:48:18.354332)'...
2024-11-18 14:48:18 - DEBUG - SQL statement executed successfully
2024-11-18 14:48:18 - DEBUG - Executing SQL statement 'INSERT INTO pragma_sales(timestamp, day, month, year, price, user_id, processed_date) VALUES (2012-01-16 00:00:00, 16, 1, 2012, 95, 2, 2024-11-18 14:48:18.354332)'...
2024-11-18 14:48:18 - DEBUG - SQL statement executed successfully
2024-11-18 14:48:18 - DEBUG - Executing SQL statement 'INSERT INTO pragma_sales(timestamp, day, month, year, price, user_id, processed_date) VALUES (2012-01-17 00:00:00, 17, 1, 2012, 62, 4, 2024-11-18 14:48:18.354332)'...
2024-11-18 14:48:18 - DEBUG - SQL statement executed successfully
2024-11-18 14:48:18 - DEBUG - Executing SQL statement 'INSERT INTO pragma_sales(timestamp, day, month, year, price, user_id, processed_date) VALUES (2012-01-18 00:00:00, 18, 1, 2012, 46, 8, 2024-11-18 14:48:18.354332)'...
2024-11-18 14:48:19 - DEBUG - SQL statement executed successfully
2024-11-18 14:48:19 - DEBUG - Executing SQL statement 'INSERT INTO pragma_sales(timestamp, day, month, year, price, user_id, processed_date) VALUES (2012-01-19 00:00:00, 19, 1, 2012, 97, 2, 2024-11-18 14:48:18.354332)'...
2024-11-18 14:48:19 - DEBUG - SQL statement executed successfully
2024-11-18 14:48:19 - DEBUG - Microbatch 2 processed successfully
2024-11-18 14:48:19 - DEBUG - Processing microbatch 3...
2024-11-18 14:48:19 - DEBUG - Executing SQL statement 'INSERT INTO pragma_sales(timestamp, day, month, year, price, user_id, processed_date) VALUES (2012-01-20 00:00:00, 20, 1, 2012, 31.0, 1, 2024-11-18 14:48:19.291584)'...
2024-11-18 14:48:19 - DEBUG - SQL statement executed successfully
2024-11-18 14:48:19 - DEBUG - Executing SQL statement 'INSERT INTO pragma_sales(timestamp, day, month, year, price, user_id, processed_date) VALUES (2012-01-21 00:00:00, 21, 1, 2012, None, 2, 2024-11-18 14:48:19.291584)'...
2024-11-18 14:48:19 - DEBUG - SQL statement executed successfully
2024-11-18 14:48:19 - DEBUG - Executing SQL statement 'INSERT INTO pragma_sales(timestamp, day, month, year, price, user_id, processed_date) VALUES (2012-01-22 00:00:00, 22, 1, 2012, 37.0, 1, 2024-11-18 14:48:19.291584)'...
2024-11-18 14:48:19 - DEBUG - SQL statement executed successfully
2024-11-18 14:48:19 - DEBUG - Executing SQL statement 'INSERT INTO pragma_sales(timestamp, day, month, year, price, user_id, processed_date) VALUES (2012-01-23 00:00:00, 23, 1, 2012, 74.0, 7, 2024-11-18 14:48:19.291584)'...
2024-11-18 14:48:19 - DEBUG - SQL statement executed successfully
2024-11-18 14:48:19 - DEBUG - Executing SQL statement 'INSERT INTO pragma_sales(timestamp, day, month, year, price, user_id, processed_date) VALUES (2012-01-24 00:00:00, 24, 1, 2012, 45.0, 5, 2024-11-18 14:48:19.291584)'...
2024-11-18 14:48:20 - DEBUG - SQL statement executed successfully
2024-11-18 14:48:20 - DEBUG - Microbatch 3 processed successfully
2024-11-18 14:48:20 - DEBUG - Processing microbatch 4...
2024-11-18 14:48:20 - DEBUG - Executing SQL statement 'INSERT INTO pragma_sales(timestamp, day, month, year, price, user_id, processed_date) VALUES (2012-01-25 00:00:00, 25, 1, 2012, 27, 5, 2024-11-18 14:48:20.143911)'...
2024-11-18 14:48:20 - DEBUG - SQL statement executed successfully
2024-11-18 14:48:20 - DEBUG - Executing SQL statement 'INSERT INTO pragma_sales(timestamp, day, month, year, price, user_id, processed_date) VALUES (2012-01-26 00:00:00, 26, 1, 2012, 78, 4, 2024-11-18 14:48:20.143911)'...
2024-11-18 14:48:20 - DEBUG - SQL statement executed successfully
2024-11-18 14:48:20 - DEBUG - Executing SQL statement 'INSERT INTO pragma_sales(timestamp, day, month, year, price, user_id, processed_date) VALUES (2012-01-27 00:00:00, 27, 1, 2012, 42, 6, 2024-11-18 14:48:20.143911)'...
2024-11-18 14:48:20 - DEBUG - SQL statement executed successfully
2024-11-18 14:48:20 - DEBUG - Executing SQL statement 'INSERT INTO pragma_sales(timestamp, day, month, year, price, user_id, processed_date) VALUES (2012-01-28 00:00:00, 28, 1, 2012, 45, 8, 2024-11-18 14:48:20.143911)'...
2024-11-18 14:48:20 - DEBUG - SQL statement executed successfully
2024-11-18 14:48:20 - DEBUG - Executing SQL statement 'INSERT INTO pragma_sales(timestamp, day, month, year, price, user_id, processed_date) VALUES (2012-01-29 00:00:00, 29, 1, 2012, 96, 9, 2024-11-18 14:48:20.143911)'...
2024-11-18 14:48:21 - DEBUG - SQL statement executed successfully
2024-11-18 14:48:21 - DEBUG - Microbatch 4 processed successfully
2024-11-18 14:48:21 - DEBUG - Processing microbatch 5...
2024-11-18 14:48:21 - DEBUG - Executing SQL statement 'INSERT INTO pragma_sales(timestamp, day, month, year, price, user_id, processed_date) VALUES (2012-01-30 00:00:00, 30, 1, 2012, None, 2, 2024-11-18 14:48:21.010247)'...
2024-11-18 14:48:21 - DEBUG - SQL statement executed successfully
2024-11-18 14:48:21 - DEBUG - Executing SQL statement 'INSERT INTO pragma_sales(timestamp, day, month, year, price, user_id, processed_date) VALUES (2012-01-31 00:00:00, 31, 1, 2012, 88.0, 1, 2024-11-18 14:48:21.010247)'...
2024-11-18 14:48:21 - DEBUG - SQL statement executed successfully
2024-11-18 14:48:21 - DEBUG - Microbatch 5 processed successfully
2024-11-18 14:48:21 - INFO - File './data/2012-1.csv' processed successfully
2024-11-18 14:48:21 - INFO - Processing file './data/2012-2.csv'...
2024-11-18 14:48:21 - DEBUG - Processing microbatch 1...
2024-11-18 14:48:21 - DEBUG - Executing SQL statement 'INSERT INTO pragma_sales(timestamp, day, month, year, price, user_id, processed_date) VALUES (2012-02-01 00:00:00, 1, 2, 2012, 76, 1, 2024-11-18 14:48:21.352715)'...
2024-11-18 14:48:21 - DEBUG - SQL statement executed successfully
2024-11-18 14:48:21 - DEBUG - Executing SQL statement 'INSERT INTO pragma_sales(timestamp, day, month, year, price, user_id, processed_date) VALUES (2012-02-02 00:00:00, 2, 2, 2012, 66, 1, 2024-11-18 14:48:21.352715)'...
2024-11-18 14:48:21 - DEBUG - SQL statement executed successfully
2024-11-18 14:48:21 - DEBUG - Executing SQL statement 'INSERT INTO pragma_sales(timestamp, day, month, year, price, user_id, processed_date) VALUES (2012-02-03 00:00:00, 3, 2, 2012, 47, 10, 2024-11-18 14:48:21.352715)'...
2024-11-18 14:48:21 - DEBUG - SQL statement executed successfully
2024-11-18 14:48:21 - DEBUG - Executing SQL statement 'INSERT INTO pragma_sales(timestamp, day, month, year, price, user_id, processed_date) VALUES (2012-02-04 00:00:00, 4, 2, 2012, 100, 5, 2024-11-18 14:48:21.352715)'...
2024-11-18 14:48:22 - DEBUG - SQL statement executed successfully
2024-11-18 14:48:22 - DEBUG - Executing SQL statement 'INSERT INTO pragma_sales(timestamp, day, month, year, price, user_id, processed_date) VALUES (2012-02-05 00:00:00, 5, 2, 2012, 19, 4, 2024-11-18 14:48:21.352715)'...
2024-11-18 14:48:22 - DEBUG - SQL statement executed successfully
2024-11-18 14:48:22 - DEBUG - Microbatch 1 processed successfully
2024-11-18 14:48:22 - DEBUG - Processing microbatch 2...
2024-11-18 14:48:22 - DEBUG - Executing SQL statement 'INSERT INTO pragma_sales(timestamp, day, month, year, price, user_id, processed_date) VALUES (2012-02-06 00:00:00, 6, 2, 2012, 59, 8, 2024-11-18 14:48:22.207129)'...
2024-11-18 14:48:22 - DEBUG - SQL statement executed successfully
2024-11-18 14:48:22 - DEBUG - Executing SQL statement 'INSERT INTO pragma_sales(timestamp, day, month, year, price, user_id, processed_date) VALUES (2012-02-07 00:00:00, 7, 2, 2012, 77, 3, 2024-11-18 14:48:22.207129)'...
2024-11-18 14:48:22 - DEBUG - SQL statement executed successfully
2024-11-18 14:48:22 - DEBUG - Executing SQL statement 'INSERT INTO pragma_sales(timestamp, day, month, year, price, user_id, processed_date) VALUES (2012-02-08 00:00:00, 8, 2, 2012, 100, 8, 2024-11-18 14:48:22.207129)'...
2024-11-18 14:48:22 - DEBUG - SQL statement executed successfully
2024-11-18 14:48:22 - DEBUG - Executing SQL statement 'INSERT INTO pragma_sales(timestamp, day, month, year, price, user_id, processed_date) VALUES (2012-02-09 00:00:00, 9, 2, 2012, 55, 1, 2024-11-18 14:48:22.207129)'...
2024-11-18 14:48:22 - DEBUG - SQL statement executed successfully
2024-11-18 14:48:22 - DEBUG - Executing SQL statement 'INSERT INTO pragma_sales(timestamp, day, month, year, price, user_id, processed_date) VALUES (2012-02-10 00:00:00, 10, 2, 2012, 19, 2, 2024-11-18 14:48:22.207129)'...
2024-11-18 14:48:23 - DEBUG - SQL statement executed successfully
2024-11-18 14:48:23 - DEBUG - Microbatch 2 processed successfully
2024-11-18 14:48:23 - DEBUG - Processing microbatch 3...
2024-11-18 14:48:23 - DEBUG - Executing SQL statement 'INSERT INTO pragma_sales(timestamp, day, month, year, price, user_id, processed_date) VALUES (2012-02-11 00:00:00, 11, 2, 2012, 95, 3, 2024-11-18 14:48:23.125197)'...
2024-11-18 14:48:23 - DEBUG - SQL statement executed successfully
2024-11-18 14:48:23 - DEBUG - Executing SQL statement 'INSERT INTO pragma_sales(timestamp, day, month, year, price, user_id, processed_date) VALUES (2012-02-12 00:00:00, 12, 2, 2012, 73, 2, 2024-11-18 14:48:23.125197)'...
2024-11-18 14:48:23 - DEBUG - SQL statement executed successfully
2024-11-18 14:48:23 - DEBUG - Executing SQL statement 'INSERT INTO pragma_sales(timestamp, day, month, year, price, user_id, processed_date) VALUES (2012-02-13 00:00:00, 13, 2, 2012, 32, 1, 2024-11-18 14:48:23.125197)'...
2024-11-18 14:48:23 - DEBUG - SQL statement executed successfully
2024-11-18 14:48:23 - DEBUG - Executing SQL statement 'INSERT INTO pragma_sales(timestamp, day, month, year, price, user_id, processed_date) VALUES (2012-02-14 00:00:00, 14, 2, 2012, 95, 5, 2024-11-18 14:48:23.125197)'...
2024-11-18 14:48:23 - DEBUG - SQL statement executed successfully
2024-11-18 14:48:23 - DEBUG - Executing SQL statement 'INSERT INTO pragma_sales(timestamp, day, month, year, price, user_id, processed_date) VALUES (2012-02-15 00:00:00, 15, 2, 2012, 12, 8, 2024-11-18 14:48:23.125197)'...
2024-11-18 14:48:23 - DEBUG - SQL statement executed successfully
2024-11-18 14:48:23 - DEBUG - Microbatch 3 processed successfully
2024-11-18 14:48:23 - DEBUG - Processing microbatch 4...
2024-11-18 14:48:23 - DEBUG - Executing SQL statement 'INSERT INTO pragma_sales(timestamp, day, month, year, price, user_id, processed_date) VALUES (2012-02-16 00:00:00, 16, 2, 2012, 37, 8, 2024-11-18 14:48:23.973208)'...
2024-11-18 14:48:24 - DEBUG - SQL statement executed successfully
2024-11-18 14:48:24 - DEBUG - Executing SQL statement 'INSERT INTO pragma_sales(timestamp, day, month, year, price, user_id, processed_date) VALUES (2012-02-17 00:00:00, 17, 2, 2012, 28, 10, 2024-11-18 14:48:23.973208)'...
2024-11-18 14:48:24 - DEBUG - SQL statement executed successfully
2024-11-18 14:48:24 - DEBUG - Executing SQL statement 'INSERT INTO pragma_sales(timestamp, day, month, year, price, user_id, processed_date) VALUES (2012-02-18 00:00:00, 18, 2, 2012, 10, 5, 2024-11-18 14:48:23.973208)'...
2024-11-18 14:48:24 - DEBUG - SQL statement executed successfully
2024-11-18 14:48:24 - DEBUG - Executing SQL statement 'INSERT INTO pragma_sales(timestamp, day, month, year, price, user_id, processed_date) VALUES (2012-02-19 00:00:00, 19, 2, 2012, 27, 9, 2024-11-18 14:48:23.973208)'...
2024-11-18 14:48:24 - DEBUG - SQL statement executed successfully
2024-11-18 14:48:24 - DEBUG - Executing SQL statement 'INSERT INTO pragma_sales(timestamp, day, month, year, price, user_id, processed_date) VALUES (2012-02-20 00:00:00, 20, 2, 2012, 14, 9, 2024-11-18 14:48:23.973208)'...
2024-11-18 14:48:24 - DEBUG - SQL statement executed successfully
2024-11-18 14:48:24 - DEBUG - Microbatch 4 processed successfully
2024-11-18 14:48:24 - DEBUG - Processing microbatch 5...
2024-11-18 14:48:24 - DEBUG - Executing SQL statement 'INSERT INTO pragma_sales(timestamp, day, month, year, price, user_id, processed_date) VALUES (2012-02-21 00:00:00, 21, 2, 2012, 87, 5, 2024-11-18 14:48:24.838430)'...
2024-11-18 14:48:25 - DEBUG - SQL statement executed successfully
2024-11-18 14:48:25 - DEBUG - Executing SQL statement 'INSERT INTO pragma_sales(timestamp, day, month, year, price, user_id, processed_date) VALUES (2012-02-22 00:00:00, 22, 2, 2012, 75, 7, 2024-11-18 14:48:24.838430)'...
2024-11-18 14:48:25 - DEBUG - SQL statement executed successfully
2024-11-18 14:48:25 - DEBUG - Executing SQL statement 'INSERT INTO pragma_sales(timestamp, day, month, year, price, user_id, processed_date) VALUES (2012-02-23 00:00:00, 23, 2, 2012, 36, 8, 2024-11-18 14:48:24.838430)'...
2024-11-18 14:48:25 - DEBUG - SQL statement executed successfully
2024-11-18 14:48:25 - DEBUG - Executing SQL statement 'INSERT INTO pragma_sales(timestamp, day, month, year, price, user_id, processed_date) VALUES (2012-02-24 00:00:00, 24, 2, 2012, 84, 8, 2024-11-18 14:48:24.838430)'...
2024-11-18 14:48:25 - DEBUG - SQL statement executed successfully
2024-11-18 14:48:25 - DEBUG - Executing SQL statement 'INSERT INTO pragma_sales(timestamp, day, month, year, price, user_id, processed_date) VALUES (2012-02-25 00:00:00, 25, 2, 2012, 62, 6, 2024-11-18 14:48:24.838430)'...
2024-11-18 14:48:25 - DEBUG - SQL statement executed successfully
2024-11-18 14:48:25 - DEBUG - Microbatch 5 processed successfully
2024-11-18 14:48:25 - DEBUG - Processing microbatch 6...
2024-11-18 14:48:25 - DEBUG - Executing SQL statement 'INSERT INTO pragma_sales(timestamp, day, month, year, price, user_id, processed_date) VALUES (2012-02-26 00:00:00, 26, 2, 2012, 56, 6, 2024-11-18 14:48:25.710615)'...
2024-11-18 14:48:25 - DEBUG - SQL statement executed successfully
2024-11-18 14:48:25 - DEBUG - Executing SQL statement 'INSERT INTO pragma_sales(timestamp, day, month, year, price, user_id, processed_date) VALUES (2012-02-27 00:00:00, 27, 2, 2012, 17, 4, 2024-11-18 14:48:25.710615)'...
2024-11-18 14:48:26 - DEBUG - SQL statement executed successfully
2024-11-18 14:48:26 - DEBUG - Executing SQL statement 'INSERT INTO pragma_sales(timestamp, day, month, year, price, user_id, processed_date) VALUES (2012-02-28 00:00:00, 28, 2, 2012, 64, 7, 2024-11-18 14:48:25.710615)'...
2024-11-18 14:48:26 - DEBUG - SQL statement executed successfully
2024-11-18 14:48:26 - DEBUG - Executing SQL statement 'INSERT INTO pragma_sales(timestamp, day, month, year, price, user_id, processed_date) VALUES (2012-02-29 00:00:00, 29, 2, 2012, 68, 3, 2024-11-18 14:48:25.710615)'...
2024-11-18 14:48:26 - DEBUG - SQL statement executed successfully
2024-11-18 14:48:26 - DEBUG - Microbatch 6 processed successfully
2024-11-18 14:48:26 - INFO - File './data/2012-2.csv' processed successfully
2024-11-18 14:48:26 - INFO - Processing file './data/2012-3.csv'...
2024-11-18 14:48:26 - DEBUG - Processing microbatch 1...
2024-11-18 14:48:26 - DEBUG - Executing SQL statement 'INSERT INTO pragma_sales(timestamp, day, month, year, price, user_id, processed_date) VALUES (2012-03-01 00:00:00, 1, 3, 2012, 75, 9, 2024-11-18 14:48:26.414432)'...
2024-11-18 14:48:26 - DEBUG - SQL statement executed successfully
2024-11-18 14:48:26 - DEBUG - Executing SQL statement 'INSERT INTO pragma_sales(timestamp, day, month, year, price, user_id, processed_date) VALUES (2012-03-02 00:00:00, 2, 3, 2012, 12, 5, 2024-11-18 14:48:26.414432)'...
2024-11-18 14:48:26 - DEBUG - SQL statement executed successfully
2024-11-18 14:48:26 - DEBUG - Executing SQL statement 'INSERT INTO pragma_sales(timestamp, day, month, year, price, user_id, processed_date) VALUES (2012-03-03 00:00:00, 3, 3, 2012, 71, 4, 2024-11-18 14:48:26.414432)'...
2024-11-18 14:48:26 - DEBUG - SQL statement executed successfully
2024-11-18 14:48:26 - DEBUG - Executing SQL statement 'INSERT INTO pragma_sales(timestamp, day, month, year, price, user_id, processed_date) VALUES (2012-03-04 00:00:00, 4, 3, 2012, 73, 5, 2024-11-18 14:48:26.414432)'...
2024-11-18 14:48:27 - DEBUG - SQL statement executed successfully
2024-11-18 14:48:27 - DEBUG - Executing SQL statement 'INSERT INTO pragma_sales(timestamp, day, month, year, price, user_id, processed_date) VALUES (2012-03-05 00:00:00, 5, 3, 2012, 21, 2, 2024-11-18 14:48:26.414432)'...
2024-11-18 14:48:27 - DEBUG - SQL statement executed successfully
2024-11-18 14:48:27 - DEBUG - Microbatch 1 processed successfully
2024-11-18 14:48:27 - DEBUG - Processing microbatch 2...
2024-11-18 14:48:27 - DEBUG - Executing SQL statement 'INSERT INTO pragma_sales(timestamp, day, month, year, price, user_id, processed_date) VALUES (2012-03-06 00:00:00, 6, 3, 2012, 27, 7, 2024-11-18 14:48:27.285715)'...
2024-11-18 14:48:27 - DEBUG - SQL statement executed successfully
2024-11-18 14:48:27 - DEBUG - Executing SQL statement 'INSERT INTO pragma_sales(timestamp, day, month, year, price, user_id, processed_date) VALUES (2012-03-07 00:00:00, 7, 3, 2012, 81, 10, 2024-11-18 14:48:27.285715)'...
2024-11-18 14:48:27 - DEBUG - SQL statement executed successfully
2024-11-18 14:48:27 - DEBUG - Executing SQL statement 'INSERT INTO pragma_sales(timestamp, day, month, year, price, user_id, processed_date) VALUES (2012-03-08 00:00:00, 8, 3, 2012, 99, 2, 2024-11-18 14:48:27.285715)'...
2024-11-18 14:48:27 - DEBUG - SQL statement executed successfully
2024-11-18 14:48:27 - DEBUG - Executing SQL statement 'INSERT INTO pragma_sales(timestamp, day, month, year, price, user_id, processed_date) VALUES (2012-03-09 00:00:00, 9, 3, 2012, 69, 2, 2024-11-18 14:48:27.285715)'...
2024-11-18 14:48:27 - DEBUG - SQL statement executed successfully
2024-11-18 14:48:27 - DEBUG - Executing SQL statement 'INSERT INTO pragma_sales(timestamp, day, month, year, price, user_id, processed_date) VALUES (2012-03-10 00:00:00, 10, 3, 2012, 19, 5, 2024-11-18 14:48:27.285715)'...
2024-11-18 14:48:28 - DEBUG - SQL statement executed successfully
2024-11-18 14:48:28 - DEBUG - Microbatch 2 processed successfully
2024-11-18 14:48:28 - DEBUG - Processing microbatch 3...
2024-11-18 14:48:28 - DEBUG - Executing SQL statement 'INSERT INTO pragma_sales(timestamp, day, month, year, price, user_id, processed_date) VALUES (2012-03-11 00:00:00, 11, 3, 2012, 32, 10, 2024-11-18 14:48:28.165584)'...
2024-11-18 14:48:28 - DEBUG - SQL statement executed successfully
2024-11-18 14:48:28 - DEBUG - Executing SQL statement 'INSERT INTO pragma_sales(timestamp, day, month, year, price, user_id, processed_date) VALUES (2012-03-12 00:00:00, 12, 3, 2012, 95, 7, 2024-11-18 14:48:28.165584)'...
2024-11-18 14:48:28 - DEBUG - SQL statement executed successfully
2024-11-18 14:48:28 - DEBUG - Executing SQL statement 'INSERT INTO pragma_sales(timestamp, day, month, year, price, user_id, processed_date) VALUES (2012-03-13 00:00:00, 13, 3, 2012, 71, 7, 2024-11-18 14:48:28.165584)'...
2024-11-18 14:48:28 - DEBUG - SQL statement executed successfully
2024-11-18 14:48:28 - DEBUG - Executing SQL statement 'INSERT INTO pragma_sales(timestamp, day, month, year, price, user_id, processed_date) VALUES (2012-03-14 00:00:00, 14, 3, 2012, 63, 1, 2024-11-18 14:48:28.165584)'...
2024-11-18 14:48:28 - DEBUG - SQL statement executed successfully
2024-11-18 14:48:28 - DEBUG - Executing SQL statement 'INSERT INTO pragma_sales(timestamp, day, month, year, price, user_id, processed_date) VALUES (2012-03-15 00:00:00, 15, 3, 2012, 53, 8, 2024-11-18 14:48:28.165584)'...
2024-11-18 14:48:29 - DEBUG - SQL statement executed successfully
2024-11-18 14:48:29 - DEBUG - Microbatch 3 processed successfully
2024-11-18 14:48:29 - DEBUG - Processing microbatch 4...
2024-11-18 14:48:29 - DEBUG - Executing SQL statement 'INSERT INTO pragma_sales(timestamp, day, month, year, price, user_id, processed_date) VALUES (2012-03-16 00:00:00, 16, 3, 2012, 87, 5, 2024-11-18 14:48:29.043821)'...
2024-11-18 14:48:29 - DEBUG - SQL statement executed successfully
2024-11-18 14:48:29 - DEBUG - Executing SQL statement 'INSERT INTO pragma_sales(timestamp, day, month, year, price, user_id, processed_date) VALUES (2012-03-17 00:00:00, 17, 3, 2012, 89, 6, 2024-11-18 14:48:29.043821)'...
2024-11-18 14:48:29 - DEBUG - SQL statement executed successfully
2024-11-18 14:48:29 - DEBUG - Executing SQL statement 'INSERT INTO pragma_sales(timestamp, day, month, year, price, user_id, processed_date) VALUES (2012-03-18 00:00:00, 18, 3, 2012, 13, 3, 2024-11-18 14:48:29.043821)'...
2024-11-18 14:48:29 - DEBUG - SQL statement executed successfully
2024-11-18 14:48:29 - DEBUG - Executing SQL statement 'INSERT INTO pragma_sales(timestamp, day, month, year, price, user_id, processed_date) VALUES (2012-03-19 00:00:00, 19, 3, 2012, 74, 2, 2024-11-18 14:48:29.043821)'...
2024-11-18 14:48:29 - DEBUG - SQL statement executed successfully
2024-11-18 14:48:29 - DEBUG - Executing SQL statement 'INSERT INTO pragma_sales(timestamp, day, month, year, price, user_id, processed_date) VALUES (2012-03-20 00:00:00, 20, 3, 2012, 84, 4, 2024-11-18 14:48:29.043821)'...
2024-11-18 14:48:29 - DEBUG - SQL statement executed successfully
2024-11-18 14:48:29 - DEBUG - Microbatch 4 processed successfully
2024-11-18 14:48:29 - DEBUG - Processing microbatch 5...
2024-11-18 14:48:29 - DEBUG - Executing SQL statement 'INSERT INTO pragma_sales(timestamp, day, month, year, price, user_id, processed_date) VALUES (2012-03-21 00:00:00, 21, 3, 2012, 18, 8, 2024-11-18 14:48:29.938640)'...
2024-11-18 14:48:30 - DEBUG - SQL statement executed successfully
2024-11-18 14:48:30 - DEBUG - Executing SQL statement 'INSERT INTO pragma_sales(timestamp, day, month, year, price, user_id, processed_date) VALUES (2012-03-22 00:00:00, 22, 3, 2012, 32, 1, 2024-11-18 14:48:29.938640)'...
2024-11-18 14:48:30 - DEBUG - SQL statement executed successfully
2024-11-18 14:48:30 - DEBUG - Executing SQL statement 'INSERT INTO pragma_sales(timestamp, day, month, year, price, user_id, processed_date) VALUES (2012-03-23 00:00:00, 23, 3, 2012, 96, 3, 2024-11-18 14:48:29.938640)'...
2024-11-18 14:48:30 - DEBUG - SQL statement executed successfully
2024-11-18 14:48:30 - DEBUG - Executing SQL statement 'INSERT INTO pragma_sales(timestamp, day, month, year, price, user_id, processed_date) VALUES (2012-03-24 00:00:00, 24, 3, 2012, 54, 7, 2024-11-18 14:48:29.938640)'...
2024-11-18 14:48:30 - DEBUG - SQL statement executed successfully
2024-11-18 14:48:30 - DEBUG - Executing SQL statement 'INSERT INTO pragma_sales(timestamp, day, month, year, price, user_id, processed_date) VALUES (2012-03-25 00:00:00, 25, 3, 2012, 82, 8, 2024-11-18 14:48:29.938640)'...
2024-11-18 14:48:30 - DEBUG - SQL statement executed successfully
2024-11-18 14:48:30 - DEBUG - Microbatch 5 processed successfully
2024-11-18 14:48:30 - DEBUG - Processing microbatch 6...
2024-11-18 14:48:30 - DEBUG - Executing SQL statement 'INSERT INTO pragma_sales(timestamp, day, month, year, price, user_id, processed_date) VALUES (2012-03-26 00:00:00, 26, 3, 2012, 74, 10, 2024-11-18 14:48:30.801192)'...
2024-11-18 14:48:30 - DEBUG - SQL statement executed successfully
2024-11-18 14:48:30 - DEBUG - Executing SQL statement 'INSERT INTO pragma_sales(timestamp, day, month, year, price, user_id, processed_date) VALUES (2012-03-27 00:00:00, 27, 3, 2012, 59, 6, 2024-11-18 14:48:30.801192)'...
2024-11-18 14:48:31 - DEBUG - SQL statement executed successfully
2024-11-18 14:48:31 - DEBUG - Executing SQL statement 'INSERT INTO pragma_sales(timestamp, day, month, year, price, user_id, processed_date) VALUES (2012-03-28 00:00:00, 28, 3, 2012, 33, 9, 2024-11-18 14:48:30.801192)'...
2024-11-18 14:48:31 - DEBUG - SQL statement executed successfully
2024-11-18 14:48:31 - DEBUG - Executing SQL statement 'INSERT INTO pragma_sales(timestamp, day, month, year, price, user_id, processed_date) VALUES (2012-03-29 00:00:00, 29, 3, 2012, 46, 1, 2024-11-18 14:48:30.801192)'...
2024-11-18 14:48:31 - DEBUG - SQL statement executed successfully
2024-11-18 14:48:31 - DEBUG - Executing SQL statement 'INSERT INTO pragma_sales(timestamp, day, month, year, price, user_id, processed_date) VALUES (2012-03-30 00:00:00, 30, 3, 2012, 83, 4, 2024-11-18 14:48:30.801192)'...
2024-11-18 14:48:31 - DEBUG - SQL statement executed successfully
2024-11-18 14:48:31 - DEBUG - Microbatch 6 processed successfully
2024-11-18 14:48:31 - DEBUG - Processing microbatch 7...
2024-11-18 14:48:31 - DEBUG - Executing SQL statement 'INSERT INTO pragma_sales(timestamp, day, month, year, price, user_id, processed_date) VALUES (2012-03-31 00:00:00, 31, 3, 2012, 65, 5, 2024-11-18 14:48:31.679166)'...
2024-11-18 14:48:31 - DEBUG - SQL statement executed successfully
2024-11-18 14:48:31 - DEBUG - Microbatch 7 processed successfully
2024-11-18 14:48:31 - INFO - File './data/2012-3.csv' processed successfully
2024-11-18 14:48:31 - INFO - Processing file './data/2012-4.csv'...
2024-11-18 14:48:31 - DEBUG - Processing microbatch 1...
2024-11-18 14:48:31 - DEBUG - Executing SQL statement 'INSERT INTO pragma_sales(timestamp, day, month, year, price, user_id, processed_date) VALUES (2012-04-01 00:00:00, 1, 4, 2012, 87, 2, 2024-11-18 14:48:31.858425)'...
2024-11-18 14:48:32 - DEBUG - SQL statement executed successfully
2024-11-18 14:48:32 - DEBUG - Executing SQL statement 'INSERT INTO pragma_sales(timestamp, day, month, year, price, user_id, processed_date) VALUES (2012-04-02 00:00:00, 2, 4, 2012, 43, 2, 2024-11-18 14:48:31.858425)'...
2024-11-18 14:48:32 - DEBUG - SQL statement executed successfully
2024-11-18 14:48:32 - DEBUG - Executing SQL statement 'INSERT INTO pragma_sales(timestamp, day, month, year, price, user_id, processed_date) VALUES (2012-04-03 00:00:00, 3, 4, 2012, 23, 7, 2024-11-18 14:48:31.858425)'...
2024-11-18 14:48:32 - DEBUG - SQL statement executed successfully
2024-11-18 14:48:32 - DEBUG - Executing SQL statement 'INSERT INTO pragma_sales(timestamp, day, month, year, price, user_id, processed_date) VALUES (2012-04-04 00:00:00, 4, 4, 2012, 91, 9, 2024-11-18 14:48:31.858425)'...
2024-11-18 14:48:32 - DEBUG - SQL statement executed successfully
2024-11-18 14:48:32 - DEBUG - Executing SQL statement 'INSERT INTO pragma_sales(timestamp, day, month, year, price, user_id, processed_date) VALUES (2012-04-05 00:00:00, 5, 4, 2012, 81, 5, 2024-11-18 14:48:31.858425)'...
2024-11-18 14:48:32 - DEBUG - SQL statement executed successfully
2024-11-18 14:48:32 - DEBUG - Microbatch 1 processed successfully
2024-11-18 14:48:32 - DEBUG - Processing microbatch 2...
2024-11-18 14:48:32 - DEBUG - Executing SQL statement 'INSERT INTO pragma_sales(timestamp, day, month, year, price, user_id, processed_date) VALUES (2012-04-06 00:00:00, 6, 4, 2012, 68, 4, 2024-11-18 14:48:32.726674)'...
2024-11-18 14:48:32 - DEBUG - SQL statement executed successfully
2024-11-18 14:48:32 - DEBUG - Executing SQL statement 'INSERT INTO pragma_sales(timestamp, day, month, year, price, user_id, processed_date) VALUES (2012-04-07 00:00:00, 7, 4, 2012, 61, 3, 2024-11-18 14:48:32.726674)'...
2024-11-18 14:48:33 - DEBUG - SQL statement executed successfully
2024-11-18 14:48:33 - DEBUG - Executing SQL statement 'INSERT INTO pragma_sales(timestamp, day, month, year, price, user_id, processed_date) VALUES (2012-04-08 00:00:00, 8, 4, 2012, 13, 10, 2024-11-18 14:48:32.726674)'...
2024-11-18 14:48:33 - DEBUG - SQL statement executed successfully
2024-11-18 14:48:33 - DEBUG - Executing SQL statement 'INSERT INTO pragma_sales(timestamp, day, month, year, price, user_id, processed_date) VALUES (2012-04-09 00:00:00, 9, 4, 2012, 12, 3, 2024-11-18 14:48:32.726674)'...
2024-11-18 14:48:33 - DEBUG - SQL statement executed successfully
2024-11-18 14:48:33 - DEBUG - Executing SQL statement 'INSERT INTO pragma_sales(timestamp, day, month, year, price, user_id, processed_date) VALUES (2012-04-10 00:00:00, 10, 4, 2012, 61, 7, 2024-11-18 14:48:32.726674)'...
2024-11-18 14:48:33 - DEBUG - SQL statement executed successfully
2024-11-18 14:48:33 - DEBUG - Microbatch 2 processed successfully
2024-11-18 14:48:33 - DEBUG - Processing microbatch 3...
2024-11-18 14:48:33 - DEBUG - Executing SQL statement 'INSERT INTO pragma_sales(timestamp, day, month, year, price, user_id, processed_date) VALUES (2012-04-11 00:00:00, 11, 4, 2012, 63, 9, 2024-11-18 14:48:33.584076)'...
2024-11-18 14:48:33 - DEBUG - SQL statement executed successfully
2024-11-18 14:48:33 - DEBUG - Executing SQL statement 'INSERT INTO pragma_sales(timestamp, day, month, year, price, user_id, processed_date) VALUES (2012-04-12 00:00:00, 12, 4, 2012, 88, 2, 2024-11-18 14:48:33.584076)'...
2024-11-18 14:48:33 - DEBUG - SQL statement executed successfully
2024-11-18 14:48:33 - DEBUG - Executing SQL statement 'INSERT INTO pragma_sales(timestamp, day, month, year, price, user_id, processed_date) VALUES (2012-04-13 00:00:00, 13, 4, 2012, 63, 9, 2024-11-18 14:48:33.584076)'...
2024-11-18 14:48:34 - DEBUG - SQL statement executed successfully
2024-11-18 14:48:34 - DEBUG - Executing SQL statement 'INSERT INTO pragma_sales(timestamp, day, month, year, price, user_id, processed_date) VALUES (2012-04-14 00:00:00, 14, 4, 2012, 50, 3, 2024-11-18 14:48:33.584076)'...
2024-11-18 14:48:34 - DEBUG - SQL statement executed successfully
2024-11-18 14:48:34 - DEBUG - Executing SQL statement 'INSERT INTO pragma_sales(timestamp, day, month, year, price, user_id, processed_date) VALUES (2012-04-15 00:00:00, 15, 4, 2012, 97, 4, 2024-11-18 14:48:33.584076)'...
2024-11-18 14:48:34 - DEBUG - SQL statement executed successfully
2024-11-18 14:48:34 - DEBUG - Microbatch 3 processed successfully
2024-11-18 14:48:34 - DEBUG - Processing microbatch 4...
2024-11-18 14:48:34 - DEBUG - Executing SQL statement 'INSERT INTO pragma_sales(timestamp, day, month, year, price, user_id, processed_date) VALUES (2012-04-16 00:00:00, 16, 4, 2012, 90.0, 4, 2024-11-18 14:48:34.451811)'...
2024-11-18 14:48:34 - DEBUG - SQL statement executed successfully
2024-11-18 14:48:34 - DEBUG - Executing SQL statement 'INSERT INTO pragma_sales(timestamp, day, month, year, price, user_id, processed_date) VALUES (2012-04-17 00:00:00, 17, 4, 2012, None, 10, 2024-11-18 14:48:34.451811)'...
2024-11-18 14:48:34 - DEBUG - SQL statement executed successfully
2024-11-18 14:48:34 - DEBUG - Executing SQL statement 'INSERT INTO pragma_sales(timestamp, day, month, year, price, user_id, processed_date) VALUES (2012-04-18 00:00:00, 18, 4, 2012, 79.0, 8, 2024-11-18 14:48:34.451811)'...
2024-11-18 14:48:34 - DEBUG - SQL statement executed successfully
2024-11-18 14:48:34 - DEBUG - Executing SQL statement 'INSERT INTO pragma_sales(timestamp, day, month, year, price, user_id, processed_date) VALUES (2012-04-19 00:00:00, 19, 4, 2012, 10.0, 9, 2024-11-18 14:48:34.451811)'...
2024-11-18 14:48:35 - DEBUG - SQL statement executed successfully
2024-11-18 14:48:35 - DEBUG - Executing SQL statement 'INSERT INTO pragma_sales(timestamp, day, month, year, price, user_id, processed_date) VALUES (2012-04-20 00:00:00, 20, 4, 2012, 21.0, 10, 2024-11-18 14:48:34.451811)'...
2024-11-18 14:48:35 - DEBUG - SQL statement executed successfully
2024-11-18 14:48:35 - DEBUG - Microbatch 4 processed successfully
2024-11-18 14:48:35 - DEBUG - Processing microbatch 5...
2024-11-18 14:48:35 - DEBUG - Executing SQL statement 'INSERT INTO pragma_sales(timestamp, day, month, year, price, user_id, processed_date) VALUES (2012-04-21 00:00:00, 21, 4, 2012, 68, 9, 2024-11-18 14:48:35.312856)'...
2024-11-18 14:48:35 - DEBUG - SQL statement executed successfully
2024-11-18 14:48:35 - DEBUG - Executing SQL statement 'INSERT INTO pragma_sales(timestamp, day, month, year, price, user_id, processed_date) VALUES (2012-04-22 00:00:00, 22, 4, 2012, 77, 9, 2024-11-18 14:48:35.312856)'...
2024-11-18 14:48:35 - DEBUG - SQL statement executed successfully
2024-11-18 14:48:35 - DEBUG - Executing SQL statement 'INSERT INTO pragma_sales(timestamp, day, month, year, price, user_id, processed_date) VALUES (2012-04-23 00:00:00, 23, 4, 2012, 19, 5, 2024-11-18 14:48:35.312856)'...
2024-11-18 14:48:35 - DEBUG - SQL statement executed successfully
2024-11-18 14:48:35 - DEBUG - Executing SQL statement 'INSERT INTO pragma_sales(timestamp, day, month, year, price, user_id, processed_date) VALUES (2012-04-24 00:00:00, 24, 4, 2012, 82, 10, 2024-11-18 14:48:35.312856)'...
2024-11-18 14:48:35 - DEBUG - SQL statement executed successfully
2024-11-18 14:48:35 - DEBUG - Executing SQL statement 'INSERT INTO pragma_sales(timestamp, day, month, year, price, user_id, processed_date) VALUES (2012-04-25 00:00:00, 25, 4, 2012, 43, 1, 2024-11-18 14:48:35.312856)'...
2024-11-18 14:48:36 - DEBUG - SQL statement executed successfully
2024-11-18 14:48:36 - DEBUG - Microbatch 5 processed successfully
2024-11-18 14:48:36 - DEBUG - Processing microbatch 6...
2024-11-18 14:48:36 - DEBUG - Executing SQL statement 'INSERT INTO pragma_sales(timestamp, day, month, year, price, user_id, processed_date) VALUES (2012-04-26 00:00:00, 26, 4, 2012, 55.0, 2, 2024-11-18 14:48:36.176660)'...
2024-11-18 14:48:36 - DEBUG - SQL statement executed successfully
2024-11-18 14:48:36 - DEBUG - Executing SQL statement 'INSERT INTO pragma_sales(timestamp, day, month, year, price, user_id, processed_date) VALUES (2012-04-27 00:00:00, 27, 4, 2012, None, 3, 2024-11-18 14:48:36.176660)'...
2024-11-18 14:48:36 - DEBUG - SQL statement executed successfully
2024-11-18 14:48:36 - DEBUG - Executing SQL statement 'INSERT INTO pragma_sales(timestamp, day, month, year, price, user_id, processed_date) VALUES (2012-04-28 00:00:00, 28, 4, 2012, 53.0, 5, 2024-11-18 14:48:36.176660)'...
2024-11-18 14:48:36 - DEBUG - SQL statement executed successfully
2024-11-18 14:48:36 - DEBUG - Executing SQL statement 'INSERT INTO pragma_sales(timestamp, day, month, year, price, user_id, processed_date) VALUES (2012-04-29 00:00:00, 29, 4, 2012, 33.0, 9, 2024-11-18 14:48:36.176660)'...
2024-11-18 14:48:36 - DEBUG - SQL statement executed successfully
2024-11-18 14:48:36 - DEBUG - Executing SQL statement 'INSERT INTO pragma_sales(timestamp, day, month, year, price, user_id, processed_date) VALUES (2012-04-30 00:00:00, 30, 4, 2012, 76.0, 10, 2024-11-18 14:48:36.176660)'...
2024-11-18 14:48:37 - DEBUG - SQL statement executed successfully
2024-11-18 14:48:37 - DEBUG - Microbatch 6 processed successfully
2024-11-18 14:48:37 - INFO - File './data/2012-4.csv' processed successfully
2024-11-18 14:48:37 - INFO - Processing file './data/2012-5.csv'...
2024-11-18 14:48:37 - DEBUG - Processing microbatch 1...
2024-11-18 14:48:37 - DEBUG - Executing SQL statement 'INSERT INTO pragma_sales(timestamp, day, month, year, price, user_id, processed_date) VALUES (2012-05-01 00:00:00, 1, 5, 2012, 82, 7, 2024-11-18 14:48:37.074863)'...
2024-11-18 14:48:37 - DEBUG - SQL statement executed successfully
2024-11-18 14:48:37 - DEBUG - Executing SQL statement 'INSERT INTO pragma_sales(timestamp, day, month, year, price, user_id, processed_date) VALUES (2012-05-02 00:00:00, 2, 5, 2012, 61, 1, 2024-11-18 14:48:37.074863)'...
2024-11-18 14:48:37 - DEBUG - SQL statement executed successfully
2024-11-18 14:48:37 - DEBUG - Executing SQL statement 'INSERT INTO pragma_sales(timestamp, day, month, year, price, user_id, processed_date) VALUES (2012-05-03 00:00:00, 3, 5, 2012, 19, 3, 2024-11-18 14:48:37.074863)'...
2024-11-18 14:48:37 - DEBUG - SQL statement executed successfully
2024-11-18 14:48:37 - DEBUG - Executing SQL statement 'INSERT INTO pragma_sales(timestamp, day, month, year, price, user_id, processed_date) VALUES (2012-05-04 00:00:00, 4, 5, 2012, 94, 3, 2024-11-18 14:48:37.074863)'...
2024-11-18 14:48:37 - DEBUG - SQL statement executed successfully
2024-11-18 14:48:37 - DEBUG - Executing SQL statement 'INSERT INTO pragma_sales(timestamp, day, month, year, price, user_id, processed_date) VALUES (2012-05-05 00:00:00, 5, 5, 2012, 17, 5, 2024-11-18 14:48:37.074863)'...
2024-11-18 14:48:37 - DEBUG - SQL statement executed successfully
2024-11-18 14:48:37 - DEBUG - Microbatch 1 processed successfully
2024-11-18 14:48:37 - DEBUG - Processing microbatch 2...
2024-11-18 14:48:37 - DEBUG - Executing SQL statement 'INSERT INTO pragma_sales(timestamp, day, month, year, price, user_id, processed_date) VALUES (2012-05-06 00:00:00, 6, 5, 2012, 19, 3, 2024-11-18 14:48:37.928111)'...
2024-11-18 14:48:38 - DEBUG - SQL statement executed successfully
2024-11-18 14:48:38 - DEBUG - Executing SQL statement 'INSERT INTO pragma_sales(timestamp, day, month, year, price, user_id, processed_date) VALUES (2012-05-07 00:00:00, 7, 5, 2012, 66, 6, 2024-11-18 14:48:37.928111)'...
2024-11-18 14:48:38 - DEBUG - SQL statement executed successfully
2024-11-18 14:48:38 - DEBUG - Executing SQL statement 'INSERT INTO pragma_sales(timestamp, day, month, year, price, user_id, processed_date) VALUES (2012-05-08 00:00:00, 8, 5, 2012, 13, 7, 2024-11-18 14:48:37.928111)'...
2024-11-18 14:48:38 - DEBUG - SQL statement executed successfully
2024-11-18 14:48:38 - DEBUG - Executing SQL statement 'INSERT INTO pragma_sales(timestamp, day, month, year, price, user_id, processed_date) VALUES (2012-05-09 00:00:00, 9, 5, 2012, 31, 6, 2024-11-18 14:48:37.928111)'...
2024-11-18 14:48:38 - DEBUG - SQL statement executed successfully
2024-11-18 14:48:38 - DEBUG - Executing SQL statement 'INSERT INTO pragma_sales(timestamp, day, month, year, price, user_id, processed_date) VALUES (2012-05-10 00:00:00, 10, 5, 2012, 95, 6, 2024-11-18 14:48:37.928111)'...
2024-11-18 14:48:38 - DEBUG - SQL statement executed successfully
2024-11-18 14:48:38 - DEBUG - Microbatch 2 processed successfully
2024-11-18 14:48:38 - DEBUG - Processing microbatch 3...
2024-11-18 14:48:38 - DEBUG - Executing SQL statement 'INSERT INTO pragma_sales(timestamp, day, month, year, price, user_id, processed_date) VALUES (2012-05-11 00:00:00, 11, 5, 2012, 77, 7, 2024-11-18 14:48:38.799701)'...
2024-11-18 14:48:38 - DEBUG - SQL statement executed successfully
2024-11-18 14:48:38 - DEBUG - Executing SQL statement 'INSERT INTO pragma_sales(timestamp, day, month, year, price, user_id, processed_date) VALUES (2012-05-12 00:00:00, 12, 5, 2012, 16, 4, 2024-11-18 14:48:38.799701)'...
2024-11-18 14:48:39 - DEBUG - SQL statement executed successfully
2024-11-18 14:48:39 - DEBUG - Executing SQL statement 'INSERT INTO pragma_sales(timestamp, day, month, year, price, user_id, processed_date) VALUES (2012-05-13 00:00:00, 13, 5, 2012, 22, 8, 2024-11-18 14:48:38.799701)'...
2024-11-18 14:48:39 - DEBUG - SQL statement executed successfully
2024-11-18 14:48:39 - DEBUG - Executing SQL statement 'INSERT INTO pragma_sales(timestamp, day, month, year, price, user_id, processed_date) VALUES (2012-05-14 00:00:00, 14, 5, 2012, 91, 4, 2024-11-18 14:48:38.799701)'...
2024-11-18 14:48:39 - DEBUG - SQL statement executed successfully
2024-11-18 14:48:39 - DEBUG - Executing SQL statement 'INSERT INTO pragma_sales(timestamp, day, month, year, price, user_id, processed_date) VALUES (2012-05-15 00:00:00, 15, 5, 2012, 44, 2, 2024-11-18 14:48:38.799701)'...
2024-11-18 14:48:39 - DEBUG - SQL statement executed successfully
2024-11-18 14:48:39 - DEBUG - Microbatch 3 processed successfully
2024-11-18 14:48:39 - DEBUG - Processing microbatch 4...
2024-11-18 14:48:39 - DEBUG - Executing SQL statement 'INSERT INTO pragma_sales(timestamp, day, month, year, price, user_id, processed_date) VALUES (2012-05-16 00:00:00, 16, 5, 2012, 84, 9, 2024-11-18 14:48:39.664740)'...
2024-11-18 14:48:39 - DEBUG - SQL statement executed successfully
2024-11-18 14:48:39 - DEBUG - Executing SQL statement 'INSERT INTO pragma_sales(timestamp, day, month, year, price, user_id, processed_date) VALUES (2012-05-17 00:00:00, 17, 5, 2012, 64, 3, 2024-11-18 14:48:39.664740)'...
2024-11-18 14:48:40 - DEBUG - SQL statement executed successfully
2024-11-18 14:48:40 - DEBUG - Executing SQL statement 'INSERT INTO pragma_sales(timestamp, day, month, year, price, user_id, processed_date) VALUES (2012-05-18 00:00:00, 18, 5, 2012, 83, 7, 2024-11-18 14:48:39.664740)'...
2024-11-18 14:48:40 - DEBUG - SQL statement executed successfully
2024-11-18 14:48:40 - DEBUG - Executing SQL statement 'INSERT INTO pragma_sales(timestamp, day, month, year, price, user_id, processed_date) VALUES (2012-05-19 00:00:00, 19, 5, 2012, 30, 7, 2024-11-18 14:48:39.664740)'...
2024-11-18 14:48:40 - DEBUG - SQL statement executed successfully
2024-11-18 14:48:40 - DEBUG - Executing SQL statement 'INSERT INTO pragma_sales(timestamp, day, month, year, price, user_id, processed_date) VALUES (2012-05-20 00:00:00, 20, 5, 2012, 62, 8, 2024-11-18 14:48:39.664740)'...
2024-11-18 14:48:40 - DEBUG - SQL statement executed successfully
2024-11-18 14:48:40 - DEBUG - Microbatch 4 processed successfully
2024-11-18 14:48:40 - DEBUG - Processing microbatch 5...
2024-11-18 14:48:40 - DEBUG - Executing SQL statement 'INSERT INTO pragma_sales(timestamp, day, month, year, price, user_id, processed_date) VALUES (2012-05-21 00:00:00, 21, 5, 2012, 89, 9, 2024-11-18 14:48:40.546318)'...
2024-11-18 14:48:40 - DEBUG - SQL statement executed successfully
2024-11-18 14:48:40 - DEBUG - Executing SQL statement 'INSERT INTO pragma_sales(timestamp, day, month, year, price, user_id, processed_date) VALUES (2012-05-22 00:00:00, 22, 5, 2012, 88, 1, 2024-11-18 14:48:40.546318)'...
2024-11-18 14:48:40 - DEBUG - SQL statement executed successfully
2024-11-18 14:48:40 - DEBUG - Executing SQL statement 'INSERT INTO pragma_sales(timestamp, day, month, year, price, user_id, processed_date) VALUES (2012-05-23 00:00:00, 23, 5, 2012, 34, 10, 2024-11-18 14:48:40.546318)'...
2024-11-18 14:48:41 - DEBUG - SQL statement executed successfully
2024-11-18 14:48:41 - DEBUG - Executing SQL statement 'INSERT INTO pragma_sales(timestamp, day, month, year, price, user_id, processed_date) VALUES (2012-05-24 00:00:00, 24, 5, 2012, 100, 2, 2024-11-18 14:48:40.546318)'...
2024-11-18 14:48:41 - DEBUG - SQL statement executed successfully
2024-11-18 14:48:41 - DEBUG - Executing SQL statement 'INSERT INTO pragma_sales(timestamp, day, month, year, price, user_id, processed_date) VALUES (2012-05-25 00:00:00, 25, 5, 2012, 77, 9, 2024-11-18 14:48:40.546318)'...
2024-11-18 14:48:41 - DEBUG - SQL statement executed successfully
2024-11-18 14:48:41 - DEBUG - Microbatch 5 processed successfully
2024-11-18 14:48:41 - DEBUG - Processing microbatch 6...
2024-11-18 14:48:41 - DEBUG - Executing SQL statement 'INSERT INTO pragma_sales(timestamp, day, month, year, price, user_id, processed_date) VALUES (2012-05-26 00:00:00, 26, 5, 2012, 91, 3, 2024-11-18 14:48:41.413469)'...
2024-11-18 14:48:41 - DEBUG - SQL statement executed successfully
2024-11-18 14:48:41 - DEBUG - Executing SQL statement 'INSERT INTO pragma_sales(timestamp, day, month, year, price, user_id, processed_date) VALUES (2012-05-27 00:00:00, 27, 5, 2012, 61, 2, 2024-11-18 14:48:41.413469)'...
2024-11-18 14:48:41 - DEBUG - SQL statement executed successfully
2024-11-18 14:48:41 - DEBUG - Executing SQL statement 'INSERT INTO pragma_sales(timestamp, day, month, year, price, user_id, processed_date) VALUES (2012-05-28 00:00:00, 28, 5, 2012, 67, 8, 2024-11-18 14:48:41.413469)'...
2024-11-18 14:48:41 - DEBUG - SQL statement executed successfully
2024-11-18 14:48:41 - DEBUG - Executing SQL statement 'INSERT INTO pragma_sales(timestamp, day, month, year, price, user_id, processed_date) VALUES (2012-05-29 00:00:00, 29, 5, 2012, 39, 10, 2024-11-18 14:48:41.413469)'...
2024-11-18 14:48:42 - DEBUG - SQL statement executed successfully
2024-11-18 14:48:42 - DEBUG - Executing SQL statement 'INSERT INTO pragma_sales(timestamp, day, month, year, price, user_id, processed_date) VALUES (2012-05-30 00:00:00, 30, 5, 2012, 57, 8, 2024-11-18 14:48:41.413469)'...
2024-11-18 14:48:42 - DEBUG - SQL statement executed successfully
2024-11-18 14:48:42 - DEBUG - Microbatch 6 processed successfully
2024-11-18 14:48:42 - DEBUG - Processing microbatch 7...
2024-11-18 14:48:42 - DEBUG - Executing SQL statement 'INSERT INTO pragma_sales(timestamp, day, month, year, price, user_id, processed_date) VALUES (2012-05-31 00:00:00, 31, 5, 2012, 33, 6, 2024-11-18 14:48:42.269962)'...
2024-11-18 14:48:42 - DEBUG - SQL statement executed successfully
2024-11-18 14:48:42 - DEBUG - Microbatch 7 processed successfully
2024-11-18 14:48:42 - INFO - File './data/2012-5.csv' processed successfully
2024-11-18 14:48:42 - INFO - ETL process finished successfully
2024-11-18 14:48:42 - INFO - Connection to the database 'database-pragma.chowsgwustl6.us-east-1.rds.amazonaws.com' has been closed
2024-11-18 14:48:45 - INFO - Validating data...
2024-11-18 14:48:46 - INFO - Connected successfully to the RDS 'database-pragma.chowsgwustl6.us-east-1.rds.amazonaws.com'
2024-11-18 14:48:46 - DEBUG - Executing SQL statement 'SELECT COUNT(*), AVG(price), MIN(price), MAX(price) FROM pragma_sales'...
2024-11-18 14:48:46 - DEBUG - SQL statement executed successfully
2024-11-18 14:48:46 - INFO - Number of rows: 143
2024-11-18 14:48:46 - INFO - Average price: 57.884892086330936
2024-11-18 14:48:46 - INFO - Min price: 10.0
2024-11-18 14:48:46 - INFO - Max price: 100.0
2024-11-18 14:48:46 - INFO - Connection to the database 'database-pragma.chowsgwustl6.us-east-1.rds.amazonaws.com' has been closed
2024-11-18 14:48:51 - INFO - Starting validation process
2024-11-18 14:48:52 - INFO - Connected successfully to the RDS 'database-pragma.chowsgwustl6.us-east-1.rds.amazonaws.com'
2024-11-18 14:48:52 - INFO - Processing file './data/validation.csv'...
2024-11-18 14:48:52 - DEBUG - Processing microbatch 1...
2024-11-18 14:48:52 - DEBUG - Executing SQL statement 'INSERT INTO pragma_sales(timestamp, day, month, year, price, user_id, processed_date) VALUES (2012-06-01 00:00:00, 1, 6, 2012, 26, 10, 2024-11-18 14:48:52.290710)'...
2024-11-18 14:48:52 - DEBUG - SQL statement executed successfully
2024-11-18 14:48:52 - DEBUG - Executing SQL statement 'INSERT INTO pragma_sales(timestamp, day, month, year, price, user_id, processed_date) VALUES (2012-06-02 00:00:00, 2, 6, 2012, 11, 8, 2024-11-18 14:48:52.290710)'...
2024-11-18 14:48:52 - DEBUG - SQL statement executed successfully
2024-11-18 14:48:52 - DEBUG - Executing SQL statement 'INSERT INTO pragma_sales(timestamp, day, month, year, price, user_id, processed_date) VALUES (2012-06-03 00:00:00, 3, 6, 2012, 13, 9, 2024-11-18 14:48:52.290710)'...
2024-11-18 14:48:52 - DEBUG - SQL statement executed successfully
2024-11-18 14:48:52 - DEBUG - Executing SQL statement 'INSERT INTO pragma_sales(timestamp, day, month, year, price, user_id, processed_date) VALUES (2012-06-04 00:00:00, 4, 6, 2012, 92, 7, 2024-11-18 14:48:52.290710)'...
2024-11-18 14:48:52 - DEBUG - SQL statement executed successfully
2024-11-18 14:48:52 - DEBUG - Executing SQL statement 'INSERT INTO pragma_sales(timestamp, day, month, year, price, user_id, processed_date) VALUES (2012-06-05 00:00:00, 5, 6, 2012, 31, 10, 2024-11-18 14:48:52.290710)'...
2024-11-18 14:48:53 - DEBUG - SQL statement executed successfully
2024-11-18 14:48:53 - DEBUG - Microbatch 1 processed successfully
2024-11-18 14:48:53 - DEBUG - Processing microbatch 2...
2024-11-18 14:48:53 - DEBUG - Executing SQL statement 'INSERT INTO pragma_sales(timestamp, day, month, year, price, user_id, processed_date) VALUES (2012-06-06 00:00:00, 6, 6, 2012, 62, 3, 2024-11-18 14:48:53.146801)'...
2024-11-18 14:48:53 - DEBUG - SQL statement executed successfully
2024-11-18 14:48:53 - DEBUG - Executing SQL statement 'INSERT INTO pragma_sales(timestamp, day, month, year, price, user_id, processed_date) VALUES (2012-06-07 00:00:00, 7, 6, 2012, 13, 4, 2024-11-18 14:48:53.146801)'...
2024-11-18 14:48:53 - DEBUG - SQL statement executed successfully
2024-11-18 14:48:53 - DEBUG - Executing SQL statement 'INSERT INTO pragma_sales(timestamp, day, month, year, price, user_id, processed_date) VALUES (2012-06-08 00:00:00, 8, 6, 2012, 86, 7, 2024-11-18 14:48:53.146801)'...
2024-11-18 14:48:53 - DEBUG - SQL statement executed successfully
2024-11-18 14:48:53 - DEBUG - Microbatch 2 processed successfully
2024-11-18 14:48:53 - INFO - File './data/validation.csv' processed successfully
2024-11-18 14:48:53 - INFO - Validation process finished successfully
2024-11-18 14:48:53 - INFO - Connection to the database 'database-pragma.chowsgwustl6.us-east-1.rds.amazonaws.com' has been closed
2024-11-18 14:48:55 - INFO - Validating data with validation file...
2024-11-18 14:48:56 - INFO - Connected successfully to the RDS 'database-pragma.chowsgwustl6.us-east-1.rds.amazonaws.com'
2024-11-18 14:48:56 - DEBUG - Executing SQL statement 'SELECT COUNT(*), AVG(price), MIN(price), MAX(price) FROM pragma_sales'...
2024-11-18 14:48:56 - DEBUG - SQL statement executed successfully
2024-11-18 14:48:56 - INFO - Number of rows: 151
2024-11-18 14:48:56 - INFO - Average price: 57.006802721088434
2024-11-18 14:48:56 - INFO - Min price: 10.0
2024-11-18 14:48:56 - INFO - Max price: 100.0
2024-11-18 14:48:56 - INFO - Connection to the database 'database-pragma.chowsgwustl6.us-east-1.rds.amazonaws.com' has been closed
